test -s /Users/ding/Desktop/practicum/Venafi-test-wizard/bin/controller-gen || GOBIN=/Users/ding/Desktop/practicum/Venafi-test-wizard/bin go install sigs.k8s.io/controller-tools/cmd/controller-gen@v0.9.2
/Users/ding/Desktop/practicum/Venafi-test-wizard/bin/controller-gen rbac:roleName=manager-role crd webhook paths="./..." output:crd:artifacts:config=config/crd/bases
/Users/ding/Desktop/practicum/Venafi-test-wizard/bin/controller-gen object:headerFile="hack/boilerplate.go.txt" paths="./..."
go fmt ./...
go vet ./...
go run ./main.go
1.667449172542798e+09	INFO	controller-runtime.metrics	Metrics server is starting to listen	{"addr": ":8080"}
1.667449172543433e+09	INFO	setup	starting manager
1.667449172543759e+09	INFO	Starting server	{"path": "/metrics", "kind": "metrics", "addr": "[::]:8080"}
1.66744917254419e+09	INFO	Starting EventSource	{"controller": "chaosissuer", "controllerGroup": "self-signed-issuer.chaos.ch", "controllerKind": "ChaosIssuer", "source": "kind source: *v1alpha1.ChaosIssuer"}
1.667449172544192e+09	INFO	Starting EventSource	{"controller": "certificaterequest", "controllerGroup": "cert-manager.io", "controllerKind": "CertificateRequest", "source": "kind source: *v1.CertificateRequest"}
1.667449172544356e+09	INFO	Starting Controller	{"controller": "certificaterequest", "controllerGroup": "cert-manager.io", "controllerKind": "CertificateRequest"}
1.66744917254434e+09	INFO	Starting Controller	{"controller": "chaosissuer", "controllerGroup": "self-signed-issuer.chaos.ch", "controllerKind": "ChaosIssuer"}
1.667449172644874e+09	INFO	Starting workers	{"controller": "chaosissuer", "controllerGroup": "self-signed-issuer.chaos.ch", "controllerKind": "ChaosIssuer", "worker count": 1}
1.6674491726450188e+09	INFO	Starting workers	{"controller": "certificaterequest", "controllerGroup": "cert-manager.io", "controllerKind": "CertificateRequest", "worker count": 1}
1.667449172646029e+09	DEBUG	events	Signing ChaosIssuer verified and ready to issue certificates	{"type": "Normal", "object": {"kind":"ChaosIssuer","namespace":"default","name":"chaosissuer-scenario3","uid":"c980d994-feef-4be5-a11d-f9c3cc473bc3","apiVersion":"self-signed-issuer.chaos.ch/v1alpha1","resourceVersion":"864"}, "reason": "Verified"}
1.667449172660491e+09	DEBUG	events	Signing ChaosIssuer verified and ready to issue certificates	{"type": "Normal", "object": {"kind":"ChaosIssuer","namespace":"chaos","name":"chaosissuer-sample","uid":"bedd9a4d-93fe-49d2-801a-e3c8ba3f4da0","apiVersion":"self-signed-issuer.chaos.ch/v1alpha1","resourceVersion":"753"}, "reason": "Verified"}
1.667449194952681e+09	INFO	controllers.ChaosIssuer	setting lastTransitionTime for chaosIssuer condition	{"chaosIssuer": "chaos/chaosissuer-scenario3", "condition": "Ready", "time": 1667449194.952679}
1.667449194953055e+09	DEBUG	events	Signing ChaosIssuer verified and ready to issue certificates	{"type": "Normal", "object": {"kind":"ChaosIssuer","namespace":"chaos","name":"chaosissuer-scenario3","uid":"af3d7d9c-ca70-4c15-a09e-a6252ff9bd64","apiVersion":"self-signed-issuer.chaos.ch/v1alpha1","resourceVersion":"1106"}, "reason": "Verified"}
1.6674491949610791e+09	DEBUG	events	Signing ChaosIssuer verified and ready to issue certificates	{"type": "Normal", "object": {"kind":"ChaosIssuer","namespace":"chaos","name":"chaosissuer-scenario3","uid":"af3d7d9c-ca70-4c15-a09e-a6252ff9bd64","apiVersion":"self-signed-issuer.chaos.ch/v1alpha1","resourceVersion":"1108"}, "reason": "Verified"}
signal: killed
make: *** [run] Error 1
